#
# A fatal error has been detected by the Java Runtime Environment:
#
#  EXCEPTION_ACCESS_VIOLATION (0xc0000005) at pc=0x00000000574dc0c3, pid=5820, tid=0x0000000000001b94
#
# JRE version: OpenJDK Runtime Environment (8.0_152-b06) (build 1.8.0_152-release-1136-b06)
# Java VM: OpenJDK 64-Bit Server VM (25.152-b06 mixed mode windows-amd64 compressed oops)
# Problematic frame:
# C  [msvcr100.dll+0x3c0c3]
#
# Failed to write core dump. Minidumps are not enabled by default on client versions of Windows
#
# If you would like to submit a bug report, please visit:
#   http://bugreport.java.com/bugreport/crash.jsp
#

---------------  T H R E A D  ---------------

Current thread (0x000000000314a800):  GCTaskThread [stack: 0x0000000012d00000,0x0000000012e00000] [id=7060]

siginfo: ExceptionCode=0xc0000005, reading address 0x00000000ffb80000

Registers:
RAX=0x0000000000000040, RBX=0x00000000f8c6cfc8, RCX=0x00000000aaa17818, RDX=0x00000000551687f0
RSP=0x0000000012dff4e8, RBP=0x0000000004000004, RSI=0x0000000016b633c0, RDI=0x00000000a3b047d8
R8 =0x00000000190ed020, R9 =0x0000000000000000, R10=0x0000000000000000, R11=0x00000000a3b047d8
R12=0x00000000125f0854, R13=0x0000000000000031, R14=0x0000000000000001, R15=0x000000000313d820
RIP=0x00000000574dc0c3, EFLAGS=0x0000000000010206

Top of Stack: (sp=0x0000000012dff4e8)
0x0000000012dff4e8:   00000000575819a3 0000000004000004
0x0000000012dff4f8:   0000000004000004 0000000016b633c0
0x0000000012dff508:   0000000000000031 0000000000000000
0x0000000012dff518:   000000005794cb06 00000000f8c6cfc8
0x0000000012dff528:   0000000004000004 0000000016b633c0
0x0000000012dff538:   00000000f9160328 00000000fcbc5290
0x0000000012dff548:   0000000000001000 0000000016b633c0
0x0000000012dff558:   000000005766d903 0000000000000000
0x0000000012dff568:   0000000016b63300 00000000125f0854
0x0000000012dff578:   000000005794cda0 00000000fcbcc4e4
0x0000000012dff588:   00000000125f0881 0000000016b633c0
0x0000000012dff598:   00000000a010ac70 00000000fcbcc4e4
0x0000000012dff5a8:   000000005794d945 00000000f8c50000
0x0000000012dff5b8:   00000000125f0881 0000000016b633c0
0x0000000012dff5c8:   0000000000000003 0000000016b633c0
0x0000000012dff5d8:   00007ff99ba59252 0000000000000000 

Instructions: (pc=0x00000000574dc0c3)
0x00000000574dc0a3:   c3 51 18 4c 8b 4c 0a 20 4c 8b 54 0a 28 48 83 c1
0x00000000574dc0b3:   40 4c 0f c3 49 e0 4c 0f c3 51 e8 4c 8b 4c 0a f0
0x00000000574dc0c3:   4c 8b 54 0a f8 ff c8 4c 0f c3 49 f0 4c 0f c3 51
0x00000000574dc0d3:   f8 75 aa 49 81 e8 00 10 00 00 49 81 f8 00 10 00 


Register to memory mapping:

RAX=0x0000000000000040 is an unknown value
RBX=0x00000000f8c6cfc8 is an oop
[B 
 - klass: {type array byte}
 - length: 536870928
RCX=0x00000000aaa17818 is pointing into object: 0x00000000a3b047d8
[B 
 - klass: {type array byte}
 - length: 536870928
RDX=0x00000000551687f0 is an unknown value
RSP=0x0000000012dff4e8 is an unknown value
RBP=0x0000000004000004 is at entry_point+996 in (nmethod*)0x0000000003fff990
RSI=0x0000000016b633c0 is an unknown value
RDI=0x00000000a3b047d8 is an oop
[B 
 - klass: {type array byte}
 - length: 536870928
R8 =0x00000000190ed020 is an unknown value
R9 =0x0000000000000000 is an unknown value
R10=0x0000000000000000 is an unknown value
R11=0x00000000a3b047d8 is an oop
[B 
 - klass: {type array byte}
 - length: 536870928
R12=0x00000000125f0854 is an unknown value
R13=0x0000000000000031 is an unknown value
R14=0x0000000000000001 is an unknown value
R15=0x000000000313d820 is an unknown value


Stack: [0x0000000012d00000,0x0000000012e00000],  sp=0x0000000012dff4e8,  free space=1021k
Native frames: (J=compiled Java code, j=interpreted, Vv=VM code, C=native code)
C  [msvcr100.dll+0x3c0c3]
V  [jvm.dll+0x19a3]
V  [jvm.dll+0x3ccb06]
V  [jvm.dll+0x3ccda0]
V  [jvm.dll+0x3cd945]
V  [jvm.dll+0x3bd47f]
V  [jvm.dll+0x3cf932]
V  [jvm.dll+0x3bec9e]
V  [jvm.dll+0x26d9aa]
C  [msvcr100.dll+0x21d9f]
C  [msvcr100.dll+0x21e3b]
C  [KERNEL32.DLL+0x13034]
C  [ntdll.dll+0x71461]


---------------  P R O C E S S  ---------------

Java Threads: ( => current thread )
  0x0000000018dc2800 JavaThread "Build operations Thread 4" [_thread_blocked, id=12380, stack(0x000000004b610000,0x000000004b710000)]
  0x0000000018dc1800 JavaThread "Build operations Thread 3" [_thread_blocked, id=14704, stack(0x000000004b510000,0x000000004b610000)]
  0x0000000025eb9800 JavaThread "Build operations Thread 2" [_thread_blocked, id=15300, stack(0x000000004b410000,0x000000004b510000)]
  0x0000000025eb6800 JavaThread "Build operations" [_thread_blocked, id=8520, stack(0x000000004b310000,0x000000004b410000)]
  0x0000000025eb6000 JavaThread "Cache worker for Artifact transforms cache (C:\Users\Julian\.gradle\caches\transforms-1)" [_thread_blocked, id=10476, stack(0x000000004b210000,0x000000004b310000)]
  0x0000000025eb5000 JavaThread "Cache worker for file hash cache (C:\Users\Julian\Documents\Schule\5.Klasse\MC\Android\MC_Uebungen\UserForm\.gradle\4.6\fileHashes)" [_thread_blocked, id=2316, stack(0x000000004b110000,0x000000004b210000)]
  0x0000000025eb7800 JavaThread "Stdin handler" [_thread_blocked, id=8832, stack(0x000000004b010000,0x000000004b110000)]
  0x0000000025eb4800 JavaThread "Asynchronous log dispatcher for DefaultDaemonConnection: socket connection from /127.0.0.1:50511 to /127.0.0.1:53098" [_thread_blocked, id=13448, stack(0x000000004af10000,0x000000004b010000)]
  0x0000000025ebb000 JavaThread "Cancel handler" [_thread_blocked, id=2112, stack(0x000000004ae10000,0x000000004af10000)]
  0x0000000025eb8000 JavaThread "Handler for socket connection from /127.0.0.1:50511 to /127.0.0.1:53098" [_thread_in_native, id=904, stack(0x000000004ad10000,0x000000004ae10000)]
  0x0000000018dc0000 JavaThread "ForkJoinPool.commonPool-worker-1" daemon [_thread_blocked, id=6568, stack(0x000000004a310000,0x000000004a410000)]
  0x0000000021645000 JavaThread "Daemon worker Thread 10" [_thread_blocked, id=4580, stack(0x0000000046e10000,0x0000000046f10000)]
  0x000000002163c000 JavaThread "Daemon Thread 10" [_thread_blocked, id=9168, stack(0x0000000046b10000,0x0000000046c10000)]
  0x000000001b947000 JavaThread "Memory manager" [_thread_blocked, id=4792, stack(0x0000000022240000,0x0000000022340000)]
  0x000000001b946800 JavaThread "pool-1-thread-1" [_thread_blocked, id=14740, stack(0x00000000208a0000,0x00000000209a0000)]
  0x000000001b813000 JavaThread "File lock request listener" [_thread_in_native, id=10352, stack(0x000000001c680000,0x000000001c780000)]
  0x000000001b5b8800 JavaThread "Cache worker for file hash cache (C:\Users\Julian\.gradle\caches\4.6\fileHashes)" [_thread_blocked, id=13756, stack(0x000000001c580000,0x000000001c680000)]
  0x0000000019b54000 JavaThread "Daemon periodic checks" [_thread_blocked, id=15224, stack(0x000000001aab0000,0x000000001abb0000)]
  0x0000000019a71800 JavaThread "Incoming local TCP Connector on port 50511" [_thread_in_native, id=10616, stack(0x000000001a840000,0x000000001a940000)]
  0x0000000018558800 JavaThread "Service Thread" daemon [_thread_blocked, id=10532, stack(0x0000000018930000,0x0000000018a30000)]
  0x0000000016ba3000 JavaThread "C1 CompilerThread2" daemon [_thread_blocked, id=10392, stack(0x0000000018430000,0x0000000018530000)]
  0x0000000016b9a800 JavaThread "C2 CompilerThread1" daemon [_thread_blocked, id=10748, stack(0x0000000018330000,0x0000000018430000)]
  0x0000000016ba8800 JavaThread "C2 CompilerThread0" daemon [_thread_blocked, id=12300, stack(0x0000000018230000,0x0000000018330000)]
  0x0000000016ba7800 JavaThread "Attach Listener" daemon [_thread_blocked, id=11512, stack(0x0000000018130000,0x0000000018230000)]
  0x0000000016ba6800 JavaThread "Signal Dispatcher" daemon [_thread_blocked, id=8004, stack(0x0000000018030000,0x0000000018130000)]
  0x0000000003229800 JavaThread "Finalizer" daemon [_thread_blocked, id=8912, stack(0x0000000017e10000,0x0000000017f10000)]
  0x0000000003223000 JavaThread "Reference Handler" daemon [_thread_blocked, id=3108, stack(0x0000000017d10000,0x0000000017e10000)]
  0x000000000312d800 JavaThread "main" [_thread_blocked, id=7316, stack(0x0000000002f30000,0x0000000003030000)]

Other Threads:
  0x0000000016b65800 VMThread [stack: 0x0000000017c10000,0x0000000017d10000] [id=3480]
  0x000000001855d000 WatcherThread [stack: 0x0000000018a30000,0x0000000018b30000] [id=10840]

=>0x000000000314a800 (exited) GCTaskThread [stack: 0x0000000012d00000,0x0000000012e00000] [id=7060]

VM state:at safepoint (normal execution)

VM Mutex/Monitor currently owned by a thread:  ([mutex/lock_event])
[0x000000000312c9b0] Threads_lock - owner thread: 0x0000000016b65800
[0x000000000312d230] Heap_lock - owner thread: 0x0000000021645000

Heap:
 PSYoungGen      total 459776K, used 425173K [0x00000000e0000000, 0x00000000ffb80000, 0x0000000100000000)
  eden space 402432K, 100% used [0x00000000e0000000,0x00000000f8900000,0x00000000f8900000)
  from space 57344K, 39% used [0x00000000f8900000,0x00000000f9f35738,0x00000000fc100000)
  to   space 54784K, 35% used [0x00000000fc600000,0x00000000fd935788,0x00000000ffb80000)
 ParOldGen       total 908800K, used 584729K [0x00000000a0000000, 0x00000000d7780000, 0x00000000e0000000)
  object space 908800K, 64% used [0x00000000a0000000,0x00000000c3b067f8,0x00000000d7780000)
 Metaspace       used 95448K, capacity 101556K, committed 101652K, reserved 1138688K
  class space    used 11848K, capacity 13017K, committed 13076K, reserved 1048576K

Card table byte_map: [0x00000000125f0000,0x0000000012900000] byte_map_base: 0x00000000120f0000

Marking Bits: (ParMarkBitMap*) 0x0000000057d45aa0
 Begin Bits: [0x0000000012f00000, 0x0000000014700000)
 End Bits:   [0x0000000014700000, 0x0000000015f00000)

Polling page: 0x0000000001020000

CodeCache: size=245760Kb used=79240Kb max_used=79344Kb free=166519Kb
 bounds [0x0000000003230000, 0x0000000008030000, 0x0000000012230000]
 total_blobs=22575 nmethods=21671 adapters=814
 compilation: enabled

Compilation events (10 events):
Event: 3642.329 Thread 0x0000000016ba3000 nmethod 29622 0x0000000005226650 code [0x00000000052267a0, 0x00000000052268b0]
Event: 3642.329 Thread 0x0000000016ba3000 29625       3       org.gradle.kotlin.dsl.tooling.builders.KotlinBuildScriptTemplateModelBuilder::canBuild (13 bytes)
Event: 3642.330 Thread 0x0000000016ba3000 nmethod 29625 0x0000000004330ed0 code [0x0000000004331060, 0x0000000004331398]
Event: 3642.330 Thread 0x0000000016ba3000 29626       3       org.gradle.api.plugins.buildcomparison.outcome.internal.tooling.ProjectOutcomesModelBuilder::canBuild (7 bytes)
Event: 3642.330 Thread 0x0000000016ba3000 nmethod 29626 0x0000000004330a50 code [0x0000000004330bc0, 0x0000000004330de8]
Event: 3642.330 Thread 0x0000000016ba3000 29623       3       org.gradle.tooling.internal.adapter.ProtocolToModelAdapter$AdaptingMethodInvoker::<init> (8 bytes)
Event: 3642.331 Thread 0x0000000016ba3000 nmethod 29623 0x0000000004330550 code [0x00000000043306c0, 0x0000000004330910]
Event: 3642.331 Thread 0x0000000016ba3000 29624       3       org.gradle.tooling.internal.adapter.ProtocolToModelAdapter$AdaptingMethodInvoker::<init> (20 bytes)
Event: 3642.331 Thread 0x0000000016ba3000 nmethod 29624 0x0000000004a1cb90 code [0x0000000004a1cce0, 0x0000000004a1ced0]
Event: 3642.333 Thread 0x0000000016ba8800 nmethod 29616 0x0000000004a1c210 code [0x0000000004a1c380, 0x0000000004a1c7f8]

GC Heap History (10 events):
Event: 3428.862 GC heap after
Heap after GC invocations=41 (full 4):
 PSYoungGen      total 451072K, used 21125K [0x00000000e0000000, 0x00000000ffc00000, 0x0000000100000000)
  eden space 382976K, 0% used [0x00000000e0000000,0x00000000e0000000,0x00000000f7600000)
  from space 68096K, 31% used [0x00000000f7600000,0x00000000f8aa1798,0x00000000fb880000)
  to   space 65536K, 0% used [0x00000000fbc00000,0x00000000fbc00000,0x00000000ffc00000)
 ParOldGen       total 384000K, used 60417K [0x00000000a0000000, 0x00000000b7700000, 0x00000000e0000000)
  object space 384000K, 15% used [0x00000000a0000000,0x00000000a3b007d8,0x00000000b7700000)
 Metaspace       used 94772K, capacity 100650K, committed 100756K, reserved 1136640K
  class space    used 11799K, capacity 12925K, committed 12948K, reserved 1048576K
}
Event: 3450.250 GC heap before
{Heap before GC invocations=42 (full 4):
 PSYoungGen      total 451072K, used 404101K [0x00000000e0000000, 0x00000000ffc00000, 0x0000000100000000)
  eden space 382976K, 100% used [0x00000000e0000000,0x00000000f7600000,0x00000000f7600000)
  from space 68096K, 31% used [0x00000000f7600000,0x00000000f8aa1798,0x00000000fb880000)
  to   space 65536K, 0% used [0x00000000fbc00000,0x00000000fbc00000,0x00000000ffc00000)
 ParOldGen       total 384000K, used 60417K [0x00000000a0000000, 0x00000000b7700000, 0x00000000e0000000)
  object space 384000K, 15% used [0x00000000a0000000,0x00000000a3b007d8,0x00000000b7700000)
 Metaspace       used 94915K, capacity 100810K, committed 101012K, reserved 1136640K
  class space    used 11804K, capacity 12929K, committed 12948K, reserved 1048576K
Event: 3450.280 GC heap after
Heap after GC invocations=42 (full 4):
 PSYoungGen      total 451584K, used 23318K [0x00000000e0000000, 0x00000000ff780000, 0x0000000100000000)
  eden space 390656K, 0% used [0x00000000e0000000,0x00000000e0000000,0x00000000f7d80000)
  from space 60928K, 38% used [0x00000000fbc00000,0x00000000fd2c5918,0x00000000ff780000)
  to   space 62464K, 0% used [0x00000000f7d80000,0x00000000f7d80000,0x00000000fba80000)
 ParOldGen       total 384000K, used 60417K [0x00000000a0000000, 0x00000000b7700000, 0x00000000e0000000)
  object space 384000K, 15% used [0x00000000a0000000,0x00000000a3b007d8,0x00000000b7700000)
 Metaspace       used 94915K, capacity 100810K, committed 101012K, reserved 1136640K
  class space    used 11804K, capacity 12929K, committed 12948K, reserved 1048576K
}
Event: 3459.924 GC heap before
{Heap before GC invocations=43 (full 4):
 PSYoungGen      total 451584K, used 413974K [0x00000000e0000000, 0x00000000ff780000, 0x0000000100000000)
  eden space 390656K, 100% used [0x00000000e0000000,0x00000000f7d80000,0x00000000f7d80000)
  from space 60928K, 38% used [0x00000000fbc00000,0x00000000fd2c5918,0x00000000ff780000)
  to   space 62464K, 0% used [0x00000000f7d80000,0x00000000f7d80000,0x00000000fba80000)
 ParOldGen       total 384000K, used 60417K [0x00000000a0000000, 0x00000000b7700000, 0x00000000e0000000)
  object space 384000K, 15% used [0x00000000a0000000,0x00000000a3b007d8,0x00000000b7700000)
 Metaspace       used 94936K, capacity 100810K, committed 101012K, reserved 1136640K
  class space    used 11804K, capacity 12929K, committed 12948K, reserved 1048576K
Event: 3459.966 GC heap after
Heap after GC invocations=43 (full 4):
 PSYoungGen      total 453120K, used 27908K [0x00000000e0000000, 0x00000000ffb80000, 0x0000000100000000)
  eden space 390656K, 0% used [0x00000000e0000000,0x00000000e0000000,0x00000000f7d80000)
  from space 62464K, 44% used [0x00000000f7d80000,0x00000000f98c12c0,0x00000000fba80000)
  to   space 59392K, 0% used [0x00000000fc180000,0x00000000fc180000,0x00000000ffb80000)
 ParOldGen       total 384000K, used 60417K [0x00000000a0000000, 0x00000000b7700000, 0x00000000e0000000)
  object space 384000K, 15% used [0x00000000a0000000,0x00000000a3b007d8,0x00000000b7700000)
 Metaspace       used 94936K, capacity 100810K, committed 101012K, reserved 1136640K
  class space    used 11804K, capacity 12929K, committed 12948K, reserved 1048576K
}
Event: 3570.986 GC heap before
{Heap before GC invocations=44 (full 4):
 PSYoungGen      total 453120K, used 418564K [0x00000000e0000000, 0x00000000ffb80000, 0x0000000100000000)
  eden space 390656K, 100% used [0x00000000e0000000,0x00000000f7d80000,0x00000000f7d80000)
  from space 62464K, 44% used [0x00000000f7d80000,0x00000000f98c12c0,0x00000000fba80000)
  to   space 59392K, 0% used [0x00000000fc180000,0x00000000fc180000,0x00000000ffb80000)
 ParOldGen       total 384000K, used 60417K [0x00000000a0000000, 0x00000000b7700000, 0x00000000e0000000)
  object space 384000K, 15% used [0x00000000a0000000,0x00000000a3b007d8,0x00000000b7700000)
 Metaspace       used 94983K, capacity 100956K, committed 101012K, reserved 1136640K
  class space    used 11805K, capacity 12932K, committed 12948K, reserved 1048576K
Event: 3571.004 GC heap after
Heap after GC invocations=44 (full 4):
 PSYoungGen      total 459264K, used 19111K [0x00000000e0000000, 0x00000000ff900000, 0x0000000100000000)
  eden space 402432K, 0% used [0x00000000e0000000,0x00000000e0000000,0x00000000f8900000)
  from space 56832K, 33% used [0x00000000fc180000,0x00000000fd429fd8,0x00000000ff900000)
  to   space 57344K, 0% used [0x00000000f8900000,0x00000000f8900000,0x00000000fc100000)
 ParOldGen       total 384000K, used 60425K [0x00000000a0000000, 0x00000000b7700000, 0x00000000e0000000)
  object space 384000K, 15% used [0x00000000a0000000,0x00000000a3b027d8,0x00000000b7700000)
 Metaspace       used 94983K, capacity 100956K, committed 101012K, reserved 1136640K
  class space    used 11805K, capacity 12932K, committed 12948K, reserved 1048576K
}
Event: 3619.649 GC heap before
{Heap before GC invocations=45 (full 4):
 PSYoungGen      total 459264K, used 421543K [0x00000000e0000000, 0x00000000ff900000, 0x0000000100000000)
  eden space 402432K, 100% used [0x00000000e0000000,0x00000000f8900000,0x00000000f8900000)
  from space 56832K, 33% used [0x00000000fc180000,0x00000000fd429fd8,0x00000000ff900000)
  to   space 57344K, 0% used [0x00000000f8900000,0x00000000f8900000,0x00000000fc100000)
 ParOldGen       total 384000K, used 60425K [0x00000000a0000000, 0x00000000b7700000, 0x00000000e0000000)
  object space 384000K, 15% used [0x00000000a0000000,0x00000000a3b027d8,0x00000000b7700000)
 Metaspace       used 95286K, capacity 101316K, committed 101396K, reserved 1138688K
  class space    used 11842K, capacity 13009K, committed 13076K, reserved 1048576K
Event: 3619.673 GC heap after
Heap after GC invocations=45 (full 4):
 PSYoungGen      total 459776K, used 22741K [0x00000000e0000000, 0x00000000ffb80000, 0x0000000100000000)
  eden space 402432K, 0% used [0x00000000e0000000,0x00000000e0000000,0x00000000f8900000)
  from space 57344K, 39% used [0x00000000f8900000,0x00000000f9f35738,0x00000000fc100000)
  to   space 54784K, 0% used [0x00000000fc600000,0x00000000fc600000,0x00000000ffb80000)
 ParOldGen       total 384000K, used 60433K [0x00000000a0000000, 0x00000000b7700000, 0x00000000e0000000)
  object space 384000K, 15% used [0x00000000a0000000,0x00000000a3b047d8,0x00000000b7700000)
 Metaspace       used 95286K, capacity 101316K, committed 101396K, reserved 1138688K
  class space    used 11842K, capacity 13009K, committed 13076K, reserved 1048576K
}
Event: 3642.335 GC heap before
{Heap before GC invocations=46 (full 4):
 PSYoungGen      total 459776K, used 425173K [0x00000000e0000000, 0x00000000ffb80000, 0x0000000100000000)
  eden space 402432K, 100% used [0x00000000e0000000,0x00000000f8900000,0x00000000f8900000)
  from space 57344K, 39% used [0x00000000f8900000,0x00000000f9f35738,0x00000000fc100000)
  to   space 54784K, 0% used [0x00000000fc600000,0x00000000fc600000,0x00000000ffb80000)
 ParOldGen       total 384000K, used 60433K [0x00000000a0000000, 0x00000000b7700000, 0x00000000e0000000)
  object space 384000K, 15% used [0x00000000a0000000,0x00000000a3b047d8,0x00000000b7700000)
 Metaspace       used 95448K, capacity 101556K, committed 101652K, reserved 1138688K
  class space    used 11848K, capacity 13017K, committed 13076K, reserved 1048576K

Deoptimization events (10 events):
Event: 3623.095 Thread 0x0000000018dc5000 Uncommon trap: reason=unstable_if action=reinterpret pc=0x00000000057fbca8 method=java.io.PushbackInputStream.read([BII)I @ 122
Event: 3623.192 Thread 0x0000000018dc5000 Uncommon trap: reason=unstable_if action=reinterpret pc=0x0000000003a75768 method=org.objectweb.asm.Type.getArgumentsAndReturnSizes(Ljava/lang/String;)I @ 130
Event: 3623.193 Thread 0x0000000018dc5000 Uncommon trap: reason=unstable_if action=reinterpret pc=0x0000000006219588 method=org.objectweb.asm.ClassReader.readUTF(II[C)Ljava/lang/String; @ 77
Event: 3623.220 Thread 0x0000000018dc5000 Uncommon trap: reason=unstable_if action=reinterpret pc=0x000000000620e6fc method=org.objectweb.asm.ClassReader.readUTF(II[C)Ljava/lang/String; @ 77
Event: 3623.224 Thread 0x0000000018dc5000 Uncommon trap: reason=unstable_if action=reinterpret pc=0x0000000003e4e3e4 method=org.objectweb.asm.ByteVector.putUTF8(Ljava/lang/String;)Lorg/objectweb/asm/ByteVector; @ 98
Event: 3623.286 Thread 0x0000000018dc5000 Uncommon trap: reason=unstable_if action=reinterpret pc=0x0000000007f9777c method=org.objectweb.asm.Type.getArgumentsAndReturnSizes(Ljava/lang/String;)I @ 41
Event: 3623.286 Thread 0x0000000018dc5000 Uncommon trap: reason=unstable_if action=reinterpret pc=0x0000000007f9efe0 method=org.objectweb.asm.Type.getArgumentsAndReturnSizes(Ljava/lang/String;)I @ 41
Event: 3623.717 Thread 0x0000000018dc5000 Uncommon trap: reason=class_check action=maybe_recompile pc=0x0000000007d6021c method=org.gradle.api.internal.changedetection.state.ValueSnapshotter.processValue(Ljava/lang/Object;Lorg/gradle/api/internal/changedetection/state/ValueSnapshotStrategy;)Lorg/
Event: 3633.371 Thread 0x0000000018dc5000 Uncommon trap: reason=class_check action=maybe_recompile pc=0x0000000007d6021c method=org.gradle.api.internal.changedetection.state.ValueSnapshotter.processValue(Ljava/lang/Object;Lorg/gradle/api/internal/changedetection/state/ValueSnapshotStrategy;)Lorg/
Event: 3633.387 Thread 0x0000000018dc5000 Uncommon trap: reason=class_check action=maybe_recompile pc=0x0000000007d6021c method=org.gradle.api.internal.changedetection.state.ValueSnapshotter.processValue(Ljava/lang/Object;Lorg/gradle/api/internal/changedetection/state/ValueSnapshotStrategy;)Lorg/

Classes redefined (0 events):
No events

Internal exceptions (10 events):
Event: 3642.259 Thread 0x0000000021645000 Exception <a 'sun/nio/fs/WindowsException'> (0x00000000f8093e30) thrown at [D:\src\AOSP-openjdk-cygwin\jdk8u\hotspot\src\share\vm\prims\jni.cpp, line 709]
Event: 3642.260 Thread 0x0000000021645000 Exception <a 'sun/nio/fs/WindowsException'> (0x00000000f80a54f0) thrown at [D:\src\AOSP-openjdk-cygwin\jdk8u\hotspot\src\share\vm\prims\jni.cpp, line 709]
Event: 3642.260 Thread 0x0000000021645000 Exception <a 'sun/nio/fs/WindowsException'> (0x00000000f80b6c40) thrown at [D:\src\AOSP-openjdk-cygwin\jdk8u\hotspot\src\share\vm\prims\jni.cpp, line 709]
Event: 3642.261 Thread 0x0000000021645000 Exception <a 'sun/nio/fs/WindowsException'> (0x00000000f80c8420) thrown at [D:\src\AOSP-openjdk-cygwin\jdk8u\hotspot\src\share\vm\prims\jni.cpp, line 709]
Event: 3642.261 Thread 0x0000000021645000 Exception <a 'sun/nio/fs/WindowsException'> (0x00000000f80db4d8) thrown at [D:\src\AOSP-openjdk-cygwin\jdk8u\hotspot\src\share\vm\prims\jni.cpp, line 709]
Event: 3642.262 Thread 0x0000000021645000 Exception <a 'sun/nio/fs/WindowsException'> (0x00000000f80ece18) thrown at [D:\src\AOSP-openjdk-cygwin\jdk8u\hotspot\src\share\vm\prims\jni.cpp, line 709]
Event: 3642.262 Thread 0x0000000021645000 Exception <a 'sun/nio/fs/WindowsException'> (0x00000000f80fe448) thrown at [D:\src\AOSP-openjdk-cygwin\jdk8u\hotspot\src\share\vm\prims\jni.cpp, line 709]
Event: 3642.263 Thread 0x0000000021645000 Exception <a 'sun/nio/fs/WindowsException'> (0x00000000f810fb08) thrown at [D:\src\AOSP-openjdk-cygwin\jdk8u\hotspot\src\share\vm\prims\jni.cpp, line 709]
Event: 3642.263 Thread 0x0000000021645000 Exception <a 'sun/nio/fs/WindowsException'> (0x00000000f8121540) thrown at [D:\src\AOSP-openjdk-cygwin\jdk8u\hotspot\src\share\vm\prims\jni.cpp, line 709]
Event: 3642.264 Thread 0x0000000021645000 Exception <a 'sun/nio/fs/WindowsException'> (0x00000000f8132d20) thrown at [D:\src\AOSP-openjdk-cygwin\jdk8u\hotspot\src\share\vm\prims\jni.cpp, line 709]

Events (10 events):
Event: 3640.161 Executing VM operation: RevokeBias done
Event: 3640.161 Executing VM operation: BulkRevokeBias
Event: 3640.162 Executing VM operation: BulkRevokeBias done
Event: 3640.162 Executing VM operation: RevokeBias
Event: 3640.162 Executing VM operation: RevokeBias done
Event: 3640.163 Executing VM operation: RevokeBias
Event: 3640.163 Executing VM operation: RevokeBias done
Event: 3640.163 Executing VM operation: RevokeBias
Event: 3640.163 Executing VM operation: RevokeBias done
Event: 3642.335 Executing VM operation: ParallelGCFailedAllocation


Dynamic libraries:
0x00007ff7c4560000 - 0x00007ff7c4591000 	C:\Program Files\Android\Android Studio\jre\bin\java.exe
0x00007ff99f200000 - 0x00007ff99f3e1000 	C:\WINDOWS\SYSTEM32\ntdll.dll
0x00007ff99dc30000 - 0x00007ff99dce2000 	C:\WINDOWS\System32\KERNEL32.DLL
0x00007ff99ba20000 - 0x00007ff99bc93000 	C:\WINDOWS\System32\KERNELBASE.dll
0x00007ff99d740000 - 0x00007ff99d7e1000 	C:\WINDOWS\System32\ADVAPI32.dll
0x00007ff99c750000 - 0x00007ff99c7ee000 	C:\WINDOWS\System32\msvcrt.dll
0x00007ff99dbd0000 - 0x00007ff99dc2b000 	C:\WINDOWS\System32\sechost.dll
0x00007ff99ccd0000 - 0x00007ff99cdf4000 	C:\WINDOWS\System32\RPCRT4.dll
0x00007ff99c7f0000 - 0x00007ff99c980000 	C:\WINDOWS\System32\USER32.dll
0x00007ff99b810000 - 0x00007ff99b830000 	C:\WINDOWS\System32\win32u.dll
0x00007ff99d6b0000 - 0x00007ff99d6d8000 	C:\WINDOWS\System32\GDI32.dll
0x00007ff99b5d0000 - 0x00007ff99b762000 	C:\WINDOWS\System32\gdi32full.dll
0x00007ff99b770000 - 0x00007ff99b80f000 	C:\WINDOWS\System32\msvcp_win.dll
0x00007ff99bca0000 - 0x00007ff99bd9a000 	C:\WINDOWS\System32\ucrtbase.dll
0x00007ff981ee0000 - 0x00007ff982149000 	C:\WINDOWS\WinSxS\amd64_microsoft.windows.common-controls_6595b64144ccf1df_6.0.17134.345_none_fb429a5930656358\COMCTL32.dll
0x00007ff99d8a0000 - 0x00007ff99dbc3000 	C:\WINDOWS\System32\combase.dll
0x00007ff99bda0000 - 0x00007ff99be1a000 	C:\WINDOWS\System32\bcryptPrimitives.dll
0x00007ff99d710000 - 0x00007ff99d73d000 	C:\WINDOWS\System32\IMM32.DLL
0x00000000574a0000 - 0x0000000057572000 	C:\Program Files\Android\Android Studio\jre\jre\bin\msvcr100.dll
0x0000000057580000 - 0x0000000057dc1000 	C:\Program Files\Android\Android Studio\jre\jre\bin\server\jvm.dll
0x00007ff99cb60000 - 0x00007ff99cb68000 	C:\WINDOWS\System32\PSAPI.DLL
0x00007ff997ca0000 - 0x00007ff997cc3000 	C:\WINDOWS\SYSTEM32\WINMM.dll
0x00007ff984820000 - 0x00007ff984829000 	C:\WINDOWS\SYSTEM32\WSOCK32.dll
0x00007ff99ce00000 - 0x00007ff99ce6c000 	C:\WINDOWS\System32\WS2_32.dll
0x00007ff98bde0000 - 0x00007ff98bdea000 	C:\WINDOWS\SYSTEM32\VERSION.dll
0x00007ff997c60000 - 0x00007ff997c8a000 	C:\WINDOWS\SYSTEM32\WINMMBASE.dll
0x00007ff99be20000 - 0x00007ff99be69000 	C:\WINDOWS\System32\cfgmgr32.dll
0x00007ff9975e0000 - 0x00007ff9975ef000 	C:\Program Files\Android\Android Studio\jre\jre\bin\verify.dll
0x00007ff9819d0000 - 0x00007ff9819f9000 	C:\Program Files\Android\Android Studio\jre\jre\bin\java.dll
0x00007ff993960000 - 0x00007ff993976000 	C:\Program Files\Android\Android Studio\jre\jre\bin\zip.dll
0x00007ff99dcf0000 - 0x00007ff99f12f000 	C:\WINDOWS\System32\SHELL32.dll
0x00007ff99d7f0000 - 0x00007ff99d899000 	C:\WINDOWS\System32\shcore.dll
0x00007ff99bf80000 - 0x00007ff99c68d000 	C:\WINDOWS\System32\windows.storage.dll
0x00007ff99c690000 - 0x00007ff99c6e1000 	C:\WINDOWS\System32\shlwapi.dll
0x00007ff99b5b0000 - 0x00007ff99b5c1000 	C:\WINDOWS\System32\kernel.appcore.dll
0x00007ff99b590000 - 0x00007ff99b5af000 	C:\WINDOWS\System32\profapi.dll
0x00007ff99b540000 - 0x00007ff99b58c000 	C:\WINDOWS\System32\powrprof.dll
0x00007ff99b510000 - 0x00007ff99b51a000 	C:\WINDOWS\System32\FLTLIB.DLL
0x00007ff9819b0000 - 0x00007ff9819ca000 	C:\Program Files\Android\Android Studio\jre\jre\bin\net.dll
0x00007ff99ad90000 - 0x00007ff99adf6000 	C:\WINDOWS\system32\mswsock.dll
0x00007ff97dab0000 - 0x00007ff97dac1000 	C:\Program Files\Android\Android Studio\jre\jre\bin\nio.dll
0x00007ff973a00000 - 0x00007ff973a1e000 	C:\Users\Julian\.gradle\native\25\windows-amd64\native-platform.dll
0x00007ff9975d0000 - 0x00007ff9975dd000 	C:\Program Files\Android\Android Studio\jre\jre\bin\management.dll
0x00007ff99af50000 - 0x00007ff99af67000 	C:\WINDOWS\SYSTEM32\CRYPTSP.dll
0x00007ff99a970000 - 0x00007ff99a9a3000 	C:\WINDOWS\system32\rsaenh.dll
0x00007ff99b070000 - 0x00007ff99b095000 	C:\WINDOWS\SYSTEM32\bcrypt.dll
0x00007ff99b410000 - 0x00007ff99b438000 	C:\WINDOWS\SYSTEM32\USERENV.dll
0x00007ff99af40000 - 0x00007ff99af4b000 	C:\WINDOWS\SYSTEM32\CRYPTBASE.dll
0x00007ff99ab10000 - 0x00007ff99ab48000 	C:\WINDOWS\SYSTEM32\IPHLPAPI.DLL
0x00007ff99d700000 - 0x00007ff99d708000 	C:\WINDOWS\System32\NSI.dll
0x00007ff98e650000 - 0x00007ff98e666000 	C:\WINDOWS\SYSTEM32\dhcpcsvc6.DLL
0x00007ff98e630000 - 0x00007ff98e64a000 	C:\WINDOWS\SYSTEM32\dhcpcsvc.DLL
0x00007ff99a600000 - 0x00007ff99a631000 	C:\WINDOWS\SYSTEM32\ntmarta.dll
0x00007ff98cd70000 - 0x00007ff98cd94000 	C:\Program Files\Android\Android Studio\jre\jre\bin\sunec.dll
0x00007ff99ab50000 - 0x00007ff99ac0e000 	C:\WINDOWS\SYSTEM32\DNSAPI.dll
0x00007ff98ce60000 - 0x00007ff98ce6a000 	C:\Windows\System32\rasadhlp.dll
0x00007ff98d860000 - 0x00007ff98d8d2000 	C:\WINDOWS\System32\fwpuclnt.dll
0x00007ff993940000 - 0x00007ff99394b000 	C:\Program Files\Android\Android Studio\jre\jre\bin\sunmscapi.dll
0x00007ff99b830000 - 0x00007ff99ba12000 	C:\WINDOWS\System32\CRYPT32.dll
0x00007ff99b520000 - 0x00007ff99b532000 	C:\WINDOWS\System32\MSASN1.dll
0x00007ff9930e0000 - 0x00007ff9932a9000 	C:\WINDOWS\SYSTEM32\dbghelp.dll

VM Arguments:
jvm_args: -Xmx1536m -Dfile.encoding=windows-1252 -Duser.country=AT -Duser.language=de -Duser.variant 
java_command: org.gradle.launcher.daemon.bootstrap.GradleDaemon 4.6
java_class_path (initial): C:\Users\Julian\.gradle\wrapper\dists\gradle-4.6-all\bcst21l2brirad8k2ben1letg\gradle-4.6\lib\gradle-launcher-4.6.jar
Launcher Type: SUN_STANDARD

Environment Variables:
JAVA_HOME=C:\Program Files\Java\jdk1.8.0_181
PATH=C:\Program Files (x86)\Common Files\Oracle\Java\javapath;C:\Program Files\Docker\Docker\Resources\bin;C:\WINDOWS\system32;C:\WINDOWS;C:\WINDOWS\System32\Wbem;C:\WINDOWS\System32\WindowsPowerShell\v1.0\;C:\WINDOWS\System32\OpenSSH\;C:\Program Files (x86)\Windows Kits\10\Windows Performance Toolkit\;C:\Program Files\Microsoft SQL Server\130\Tools\Binn\;C:\Program Files\dotnet\;C:\Program Files\Git\cmd;C:\Program Files (x86)\GtkSharp\2.12\bin;C:\Program Files\Java\jdk1.8.0_181;C:\Program Files\apache-maven-3.5.4-bin\apache-maven-3.5.4\bin;C:\Program Files\nodejs\;C:\Users\Julian\AppData\Local\Microsoft\WindowsApps;;C:\Users\Julian\AppData\Local\Programs\Microsoft VS Code\bin;C:\Users\Julian\AppData\Roaming\npm
USERNAME=Julian
OS=Windows_NT
PROCESSOR_IDENTIFIER=Intel64 Family 6 Model 78 Stepping 3, GenuineIntel



---------------  S Y S T E M  ---------------

OS: Windows 10.0 , 64 bit Build 17134 (10.0.17134.1)

CPU:total 4 (initial active 4) (2 cores per cpu, 2 threads per core) family 6 model 78 stepping 3, cmov, cx8, fxsr, mmx, sse, sse2, sse3, ssse3, sse4.1, sse4.2, popcnt, avx, avx2, aes, clmul, erms, 3dnowpref, lzcnt, ht, tsc, tscinvbit, bmi1, bmi2, adx

Memory: 4k page, physical 16671324k(9236636k free), swap 18202908k(8492316k free)

vm_info: OpenJDK 64-Bit Server VM (25.152-b06) for windows-amd64 JRE (1.8.0_152-release-1136-b06), built by "builder" with MS VC++ 10.0 (VS2010)

time: Fri Oct 19 15:32:58 2018
elapsed time: 3642 seconds (0d 1h 0m 42s)

